Using pre-set license
Built from '2020.3/staging' branch; Version is '2020.3.16f1 (049d6eca3c44) revision 302446'; Using compiler version '192528614'; Build Type 'Release'
OS: 'Windows 10 Home; OS build 19042.1237; Version 2009; 64bit' Language: 'en' Physical Memory: 16323 MB
BatchMode: 1, IsHumanControllingUs: 0, StartBugReporterOnCrash: 0, Is64bit: 1, IsPro: 0

 COMMAND LINE ARGUMENTS:
C:\Program Files\Unity\Hub\Editor\2020.3.16f1\Editor\Unity.exe
-adb2
-batchMode
-noUpm
-name
AssetImportWorker4
-projectPath
C:/Users/Bruger/Documents/GitHub/Boxing-VR/Boxing VR
-logFile
Logs/AssetImportWorker4.log
-srvPort
52184
Successfully changed project path to: C:/Users/Bruger/Documents/GitHub/Boxing-VR/Boxing VR
C:/Users/Bruger/Documents/GitHub/Boxing-VR/Boxing VR
Using Asset Import Pipeline V2.
Refreshing native plugins compatible for Editor in 71.54 ms, found 2 plugins.
Preloading 0 native plugins for Editor in 0.00 ms.
Initialize engine version: 2020.3.16f1 (049d6eca3c44)
[Subsystems] Discovering subsystems at path C:/Program Files/Unity/Hub/Editor/2020.3.16f1/Editor/Data/Resources/UnitySubsystems
[Subsystems] Discovering subsystems at path C:/Users/Bruger/Documents/GitHub/Boxing-VR/Boxing VR/Assets
GfxDevice: creating device client; threaded=0
Direct3D:
    Version:  Direct3D 11.0 [level 11.1]
    Renderer: NVIDIA GeForce GTX 1050 Ti (ID=0x1c82)
    Vendor:   
    VRAM:     4018 MB
    Driver:   27.21.14.5751
Initialize mono
Mono path[0] = 'C:/Program Files/Unity/Hub/Editor/2020.3.16f1/Editor/Data/Managed'
Mono path[1] = 'C:/Program Files/Unity/Hub/Editor/2020.3.16f1/Editor/Data/MonoBleedingEdge/lib/mono/unityjit'
Mono config path = 'C:/Program Files/Unity/Hub/Editor/2020.3.16f1/Editor/Data/MonoBleedingEdge/etc'
Using monoOptions --debugger-agent=transport=dt_socket,embedding=1,server=y,suspend=n,address=127.0.0.1:56468
Begin MonoManager ReloadAssembly
Registering precompiled unity dll's ...
Register platform support module: C:/Program Files/Unity/Hub/Editor/2020.3.16f1/Editor/Data/PlaybackEngines/WebGLSupport/UnityEditor.WebGL.Extensions.dll
Register platform support module: C:/Program Files/Unity/Hub/Editor/2020.3.16f1/Editor/Data/PlaybackEngines/WindowsStandaloneSupport/UnityEditor.WindowsStandalone.Extensions.dll
Registered in 0.007563 seconds.
Native extension for WindowsStandalone target not found
Native extension for WebGL target not found
Refreshing native plugins compatible for Editor in 73.04 ms, found 2 plugins.
Preloading 0 native plugins for Editor in 0.00 ms.
Mono: successfully reloaded assembly
- Completed reload, in  4.818 seconds
Domain Reload Profiling:
	ReloadAssembly (4819ms)
		BeginReloadAssembly (117ms)
			ExecutionOrderSort (0ms)
			DisableScriptedObjects (0ms)
			BackupInstance (0ms)
			ReleaseScriptingObjects (0ms)
			CreateAndSetChildDomain (3ms)
		EndReloadAssembly (790ms)
			LoadAssemblies (111ms)
			RebuildTransferFunctionScriptingTraits (0ms)
			SetupTypeCache (274ms)
			ReleaseScriptCaches (0ms)
			RebuildScriptCaches (55ms)
			SetupLoadedEditorAssemblies (339ms)
				LogAssemblyErrors (0ms)
				InitializePlatformSupportModulesInManaged (8ms)
				SetLoadedEditorAssemblies (0ms)
				RefreshPlugins (73ms)
				BeforeProcessingInitializeOnLoad (28ms)
				ProcessInitializeOnLoadAttributes (151ms)
				ProcessInitializeOnLoadMethodAttributes (79ms)
				AfterProcessingInitializeOnLoad (0ms)
				EditorAssembliesLoaded (0ms)
			ExecutionOrderSort2 (0ms)
			AwakeInstancesAfterBackupRestoration (0ms)
Platform modules already initialized, skipping
Registering precompiled user dll's ...
Registered in 0.009131 seconds.
Begin MonoManager ReloadAssembly
Native extension for WindowsStandalone target not found
Native extension for WebGL target not found
Refreshing native plugins compatible for Editor in 0.91 ms, found 2 plugins.
Preloading 0 native plugins for Editor in 0.00 ms.
[ScriptCompilation] NOT recompiling all scripts because this is an import worker process. Reason to compile was: Define symbols changed
Mono: successfully reloaded assembly
- Completed reload, in  2.686 seconds
Domain Reload Profiling:
	ReloadAssembly (2688ms)
		BeginReloadAssembly (317ms)
			ExecutionOrderSort (0ms)
			DisableScriptedObjects (12ms)
			BackupInstance (0ms)
			ReleaseScriptingObjects (0ms)
			CreateAndSetChildDomain (35ms)
		EndReloadAssembly (2208ms)
			LoadAssemblies (209ms)
			RebuildTransferFunctionScriptingTraits (0ms)
			SetupTypeCache (692ms)
			ReleaseScriptCaches (1ms)
			RebuildScriptCaches (127ms)
			SetupLoadedEditorAssemblies (918ms)
				LogAssemblyErrors (0ms)
				InitializePlatformSupportModulesInManaged (10ms)
				SetLoadedEditorAssemblies (1ms)
				RefreshPlugins (1ms)
				BeforeProcessingInitializeOnLoad (180ms)
				ProcessInitializeOnLoadAttributes (692ms)
				ProcessInitializeOnLoadMethodAttributes (13ms)
				AfterProcessingInitializeOnLoad (20ms)
				EditorAssembliesLoaded (1ms)
			ExecutionOrderSort2 (0ms)
			AwakeInstancesAfterBackupRestoration (26ms)
Platform modules already initialized, skipping
========================================================================
Worker process is ready to serve import requests
Launched and connected shader compiler UnityShaderCompiler.exe after 0.48 seconds
Refreshing native plugins compatible for Editor in 0.92 ms, found 2 plugins.
Preloading 0 native plugins for Editor in 0.00 ms.
Unloading 1663 Unused Serialized files (Serialized files now loaded: 0)
System memory in use before: 79.2 MB.
System memory in use after: 79.2 MB.

Unloading 19 unused Assets to reduce memory usage. Loaded Objects now: 2096.
Total: 4.288000 ms (FindLiveObjects: 0.211600 ms CreateObjectMapping: 0.084700 ms MarkObjects: 3.862500 ms  DeleteObjects: 0.126500 ms)

AssetImportParameters requested are different than current active one (requested -> active):
  custom:framework-win-MediaFoundation: 216162199b28c13a410421893ffa2e32 -> 
  custom:video-decoder-ogg-theora: a1e56fd34408186e4bbccfd4996cb3dc -> 
  custom:container-muxer-webm: aa71ff27fc2769a1b78a27578f13a17b -> 
  custom:container-demuxer-webm: 4f35f7cbe854078d1ac9338744f61a02 -> 
  custom:container-demuxer-ogg: 62fdf1f143b41e24485cea50d1cbac27 -> 
  custom:video-encoder-webm-vp8: eb34c28f22e8b96e1ab97ce403110664 -> 
  custom:video-decoder-webm-vp8: 9c59270c3fd7afecdb556c50c9e8de78 -> 
  custom:audio-decoder-ogg-vorbis: bf7c407c2cedff20999df2af8eb42d56 -> 
  custom:audio-encoder-webm-vorbis: bf7c407c2cedff20999df2af8eb42d56 -> 
========================================================================
Received Import Request.
  path: Assets/Boxing Ring Large/prefabs/boxing_ring_large_setup.prefab
  artifactKey: Guid(7753323efda8d344088f0b4f6ca8be1e) Importer(815301076,1909f56bfc062723c751e8b465ee728b)
Start importing Assets/Boxing Ring Large/prefabs/boxing_ring_large_setup.prefab using Guid(7753323efda8d344088f0b4f6ca8be1e) Importer(815301076,1909f56bfc062723c751e8b465ee728b)  -> (artifact id: '2715bcddee02fc08e79fb5647306dc73') in 1.043356 seconds 
  Import took 1.054287 seconds .

========================================================================
Received Import Request.
  Time since last request: 0.000449 seconds.
  path: Assets/Boxing Ring Large
  artifactKey: Guid(92dbe0d032273cd41a81788dbba3304a) Importer(815301076,1909f56bfc062723c751e8b465ee728b)
Start importing Assets/Boxing Ring Large using Guid(92dbe0d032273cd41a81788dbba3304a) Importer(815301076,1909f56bfc062723c751e8b465ee728b)  -> (artifact id: 'e2dc666e532baf8cc898fdeedc41ca1f') in 0.023936 seconds 
  Import took 0.029976 seconds .

========================================================================
Received Import Request.
  Time since last request: 0.000347 seconds.
  path: Assets/Boxing Ring Large/prefabs
  artifactKey: Guid(95cc3eb42851ddc45b8764da3e2ec8af) Importer(815301076,1909f56bfc062723c751e8b465ee728b)
Start importing Assets/Boxing Ring Large/prefabs using Guid(95cc3eb42851ddc45b8764da3e2ec8af) Importer(815301076,1909f56bfc062723c751e8b465ee728b)  -> (artifact id: '3f3475fd1f90a842f25de72738dc1e26') in 0.049147 seconds 
  Import took 0.065112 seconds .

========================================================================
Received Import Request.
  Time since last request: 0.000867 seconds.
  path: Assets/Boxing Ring Large/prefabs/boxing_ring_large_stepladder.prefab
  artifactKey: Guid(66742468bfa0223448e20de25df1b2cf) Importer(815301076,1909f56bfc062723c751e8b465ee728b)
Start importing Assets/Boxing Ring Large/prefabs/boxing_ring_large_stepladder.prefab using Guid(66742468bfa0223448e20de25df1b2cf) Importer(815301076,1909f56bfc062723c751e8b465ee728b)  -> (artifact id: '99c373a01adf138cfde845a8f272dbe8') in 0.126746 seconds 
  Import took 0.136771 seconds .

========================================================================
Received Import Request.
  Time since last request: 0.001650 seconds.
  path: Assets/Boxing Ring Large/prefabs/boxing_ring_large.prefab
  artifactKey: Guid(02b4cce526cea7042a5dbcf75c4b6f25) Importer(815301076,1909f56bfc062723c751e8b465ee728b)
Start importing Assets/Boxing Ring Large/prefabs/boxing_ring_large.prefab using Guid(02b4cce526cea7042a5dbcf75c4b6f25) Importer(815301076,1909f56bfc062723c751e8b465ee728b)  -> (artifact id: 'c0eda83b1f0f8e3a429afe29a065aec9') in 0.183671 seconds 
  Import took 0.202773 seconds .

========================================================================
Received Import Request.
  Time since last request: 297.633021 seconds.
  path: Assets/Boxing Ring Large/materials/boxing_ring_pads.mat
  artifactKey: Guid(e696ddfef264cfd4590c5df942282d84) Importer(815301076,1909f56bfc062723c751e8b465ee728b)
Start importing Assets/Boxing Ring Large/materials/boxing_ring_pads.mat using Guid(e696ddfef264cfd4590c5df942282d84) Importer(815301076,1909f56bfc062723c751e8b465ee728b)  -> (artifact id: '82614b3154a4363e8844e85764a50bfa') in 0.224569 seconds 
  Import took 0.233782 seconds .

========================================================================
Received Import Request.
  Time since last request: 0.000361 seconds.
  path: Assets/Boxing Ring Large/materials/gym_wooden_01.mat
  artifactKey: Guid(07dbf6bfe46a67e499c6e04f8914e72f) Importer(815301076,1909f56bfc062723c751e8b465ee728b)
Start importing Assets/Boxing Ring Large/materials/gym_wooden_01.mat using Guid(07dbf6bfe46a67e499c6e04f8914e72f) Importer(815301076,1909f56bfc062723c751e8b465ee728b)  -> (artifact id: '6318595a3f05d370feb25b9877681576') in 0.051589 seconds 
  Import took 0.056955 seconds .

========================================================================
Received Import Request.
  Time since last request: 0.000311 seconds.
  path: Assets/Boxing Ring Large/materials/logo.mat
  artifactKey: Guid(778150e24d8e2804b89fc28eeb52f57c) Importer(815301076,1909f56bfc062723c751e8b465ee728b)
Start importing Assets/Boxing Ring Large/materials/logo.mat using Guid(778150e24d8e2804b89fc28eeb52f57c) Importer(815301076,1909f56bfc062723c751e8b465ee728b)  -> (artifact id: 'aa44f2f0b94fd852c74c099d68e7b4eb') in 0.041307 seconds 
  Import took 0.048182 seconds .

========================================================================
Received Import Request.
  Time since last request: 0.000333 seconds.
  path: Assets/Boxing Ring Large/materials/rubber_mat_02.mat
  artifactKey: Guid(c8cb44f6eade26a4c8713d2e484bd6b2) Importer(815301076,1909f56bfc062723c751e8b465ee728b)
Start importing Assets/Boxing Ring Large/materials/rubber_mat_02.mat using Guid(c8cb44f6eade26a4c8713d2e484bd6b2) Importer(815301076,1909f56bfc062723c751e8b465ee728b)  -> (artifact id: '7961e883d764e7d7dfcd11b533f6ceeb') in 0.049525 seconds 
  Import took 0.056914 seconds .

========================================================================
Received Import Request.
  Time since last request: 0.000394 seconds.
  path: Assets/Boxing Ring Large/materials/boxing_ring_pole.mat
  artifactKey: Guid(388d1ed8136bb644c8659f07a64cf3c2) Importer(815301076,1909f56bfc062723c751e8b465ee728b)
Start importing Assets/Boxing Ring Large/materials/boxing_ring_pole.mat using Guid(388d1ed8136bb644c8659f07a64cf3c2) Importer(815301076,1909f56bfc062723c751e8b465ee728b)  -> (artifact id: '3170982052de7c8dad97337fc34364c3') in 0.049847 seconds 
  Import took 0.056631 seconds .

========================================================================
Received Import Request.
  Time since last request: 0.000313 seconds.
  path: Assets/Boxing Ring Large/materials/rubber_mat_03.mat
  artifactKey: Guid(da6b051d8b32d7744af546f84a7128ce) Importer(815301076,1909f56bfc062723c751e8b465ee728b)
Start importing Assets/Boxing Ring Large/materials/rubber_mat_03.mat using Guid(da6b051d8b32d7744af546f84a7128ce) Importer(815301076,1909f56bfc062723c751e8b465ee728b)  -> (artifact id: '0ab6a3ee998a824c6108d080a7645b19') in 0.047679 seconds 
  Import took 0.053090 seconds .

========================================================================
Received Import Request.
  Time since last request: 14.392819 seconds.
  path: Packages/com.unity.ugui/package.json
  artifactKey: Guid(319b8889f363f5947acf209c17a94149) Importer(815301076,1909f56bfc062723c751e8b465ee728b)
Start importing Packages/com.unity.ugui/package.json using Guid(319b8889f363f5947acf209c17a94149) Importer(815301076,1909f56bfc062723c751e8b465ee728b)  -> (artifact id: '39d1f12f0f4420a8b9dea50868bbb5d0') in 0.288434 seconds 
  Import took 0.292575 seconds .

========================================================================
Received Import Request.
  Time since last request: 7.955939 seconds.
  path: Assets/Boxing Ring Large/scenes/sample scene/background.mat
  artifactKey: Guid(6063861420b32f1458da5184e274c5ff) Importer(815301076,1909f56bfc062723c751e8b465ee728b)
Start importing Assets/Boxing Ring Large/scenes/sample scene/background.mat using Guid(6063861420b32f1458da5184e274c5ff) Importer(815301076,1909f56bfc062723c751e8b465ee728b)  -> (artifact id: 'dbcb13886f2514c815783b09f2dcc0e6') in 0.044117 seconds 
  Import took 0.049854 seconds .

========================================================================
Received Import Request.
  Time since last request: 0.000336 seconds.
  path: Assets/Humanoid_Avatar/Avatar/Rabo 7_.mat
  artifactKey: Guid(6194cf9b3ef200f44a2c9161c23000ea) Importer(815301076,1909f56bfc062723c751e8b465ee728b)
Start importing Assets/Humanoid_Avatar/Avatar/Rabo 7_.mat using Guid(6194cf9b3ef200f44a2c9161c23000ea) Importer(815301076,1909f56bfc062723c751e8b465ee728b)  -> (artifact id: 'df51c1c943f4b1154092b0c7fa099bd7') in 0.236736 seconds 
  Import took 0.241987 seconds .

========================================================================
Received Import Request.
  Time since last request: 0.000263 seconds.
  path: Assets/Humanoid_Avatar/Animations/F@idle4.fbx
  artifactKey: Guid(b95e8935810191e408d4a476b4bb265f) Importer(815301076,1909f56bfc062723c751e8b465ee728b)
Start importing Assets/Humanoid_Avatar/Animations/F@idle4.fbx using Guid(b95e8935810191e408d4a476b4bb265f) Importer(815301076,1909f56bfc062723c751e8b465ee728b)  -> (artifact id: 'd0ad440083ba978448d17cf7fb7a03f0') in 1.315722 seconds 
  Import took 1.319644 seconds .

========================================================================
Received Import Request.
  Time since last request: 0.000268 seconds.
  path: Assets/Humanoid_Avatar/Animations/F@idle3.fbx
  artifactKey: Guid(2bef1336663d7e34ba82010bdf5c24b8) Importer(815301076,1909f56bfc062723c751e8b465ee728b)
Start importing Assets/Humanoid_Avatar/Animations/F@idle3.fbx using Guid(2bef1336663d7e34ba82010bdf5c24b8) Importer(815301076,1909f56bfc062723c751e8b465ee728b)  -> (artifact id: '21019ed97809151007a2cae72b92b6c9') in 0.064949 seconds 
  Import took 0.069704 seconds .

========================================================================
Received Import Request.
  Time since last request: 0.000294 seconds.
  path: Assets/Humanoid_Avatar/Avatar/Rabo 7 _02.mat
  artifactKey: Guid(1a4875bbf10ab944e99c5fe57bd162a1) Importer(815301076,1909f56bfc062723c751e8b465ee728b)
Start importing Assets/Humanoid_Avatar/Avatar/Rabo 7 _02.mat using Guid(1a4875bbf10ab944e99c5fe57bd162a1) Importer(815301076,1909f56bfc062723c751e8b465ee728b)  -> (artifact id: 'f136ae82927fc7566f5e762dcb8060d6') in 0.126569 seconds 
  Import took 0.130808 seconds .

========================================================================
Received Import Request.
  Time since last request: 0.000303 seconds.
  path: Assets/Humanoid_Avatar/Avatar/Rabo 7 _03.mat
  artifactKey: Guid(85e7993fbf21c404384e96f6f806b4fe) Importer(815301076,1909f56bfc062723c751e8b465ee728b)
Start importing Assets/Humanoid_Avatar/Avatar/Rabo 7 _03.mat using Guid(85e7993fbf21c404384e96f6f806b4fe) Importer(815301076,1909f56bfc062723c751e8b465ee728b)  -> (artifact id: 'dbc1dabce187a4733c61a02ded35da7e') in 0.103980 seconds 
  Import took 0.110004 seconds .

========================================================================
Received Import Request.
  Time since last request: 0.000344 seconds.
  path: Assets/Humanoid_Avatar/Avatar/Rabo_007.mat
  artifactKey: Guid(c787b1340d9aa3f4da70d33087dca460) Importer(815301076,1909f56bfc062723c751e8b465ee728b)
Start importing Assets/Humanoid_Avatar/Avatar/Rabo_007.mat using Guid(c787b1340d9aa3f4da70d33087dca460) Importer(815301076,1909f56bfc062723c751e8b465ee728b)  -> (artifact id: '21783f8440e3691b6ec74e14e38187b8') in 0.134266 seconds 
  Import took 0.140983 seconds .

========================================================================
Received Import Request.
  Time since last request: 0.000305 seconds.
  path: Assets/Humanoid_Avatar/Animations/F@Walk_B.fbx
  artifactKey: Guid(75e5846ac2d6d594386f1d17a9aedbf9) Importer(815301076,1909f56bfc062723c751e8b465ee728b)
Start importing Assets/Humanoid_Avatar/Animations/F@Walk_B.fbx using Guid(75e5846ac2d6d594386f1d17a9aedbf9) Importer(815301076,1909f56bfc062723c751e8b465ee728b)  -> (artifact id: '93fcebe0bf017ee661c9a2418356468b') in 0.056888 seconds 
  Import took 0.063253 seconds .

========================================================================
Received Import Request.
  Time since last request: 0.000284 seconds.
  path: Assets/Humanoid_Avatar/Avatar/Rabo 8 _03.mat
  artifactKey: Guid(47064faf9f3dd1e4ab5b1c7561d825fc) Importer(815301076,1909f56bfc062723c751e8b465ee728b)
Start importing Assets/Humanoid_Avatar/Avatar/Rabo 8 _03.mat using Guid(47064faf9f3dd1e4ab5b1c7561d825fc) Importer(815301076,1909f56bfc062723c751e8b465ee728b)  -> (artifact id: '68211720742b2f6524b5492f6950591c') in 0.082428 seconds 
  Import took 0.087587 seconds .

========================================================================
Received Import Request.
  Time since last request: 0.000298 seconds.
  path: Assets/Humanoid_Avatar/Animations/F@Run_F.fbx
  artifactKey: Guid(b9c3a9376027e96478b4aa7d3688a434) Importer(815301076,1909f56bfc062723c751e8b465ee728b)
Start importing Assets/Humanoid_Avatar/Animations/F@Run_F.fbx using Guid(b9c3a9376027e96478b4aa7d3688a434) Importer(815301076,1909f56bfc062723c751e8b465ee728b)  -> (artifact id: '68dac6f44ceaa57e0db1882bc2d3f9ca') in 0.058356 seconds 
  Import took 0.062132 seconds .

========================================================================
Received Import Request.
  Time since last request: 0.000326 seconds.
  path: Assets/Humanoid_Avatar/Avatar/Plane.mat
  artifactKey: Guid(c7134bad2eb1fc44da4293b449eac434) Importer(815301076,1909f56bfc062723c751e8b465ee728b)
Start importing Assets/Humanoid_Avatar/Avatar/Plane.mat using Guid(c7134bad2eb1fc44da4293b449eac434) Importer(815301076,1909f56bfc062723c751e8b465ee728b)  -> (artifact id: 'ff4f5b3d20b0872b67b861f7186cc04c') in 0.046122 seconds 
  Import took 0.052261 seconds .

========================================================================
Received Import Request.
  Time since last request: 0.000269 seconds.
  path: Assets/Humanoid_Avatar/Animations/F@Pose_to_Run_F.fbx
  artifactKey: Guid(4523ba9a7f7c3ea4481069e34181810d) Importer(815301076,1909f56bfc062723c751e8b465ee728b)
Start importing Assets/Humanoid_Avatar/Animations/F@Pose_to_Run_F.fbx using Guid(4523ba9a7f7c3ea4481069e34181810d) Importer(815301076,1909f56bfc062723c751e8b465ee728b)  -> (artifact id: '622476ae02920d930aa5523aa4dc853e') in 0.054845 seconds 
  Import took 0.059348 seconds .

========================================================================
Received Import Request.
  Time since last request: 0.000321 seconds.
  path: Assets/Humanoid_Avatar/Animations/F@explosion.fbx
  artifactKey: Guid(3a549e18e89c94144a4a7fafd475365e) Importer(815301076,1909f56bfc062723c751e8b465ee728b)
Start importing Assets/Humanoid_Avatar/Animations/F@explosion.fbx using Guid(3a549e18e89c94144a4a7fafd475365e) Importer(815301076,1909f56bfc062723c751e8b465ee728b)  -> (artifact id: '7b5f903d6da6a1819215cd053bb2252e') in 0.114396 seconds 
  Import took 0.119006 seconds .

========================================================================
Received Import Request.
  Time since last request: 0.000396 seconds.
  path: Assets/Humanoid_Avatar/Avatar/Rabo 8 _04.mat
  artifactKey: Guid(8dbd74c88b7e6fb41ae5cffc26443a1c) Importer(815301076,1909f56bfc062723c751e8b465ee728b)
Start importing Assets/Humanoid_Avatar/Avatar/Rabo 8 _04.mat using Guid(8dbd74c88b7e6fb41ae5cffc26443a1c) Importer(815301076,1909f56bfc062723c751e8b465ee728b)  -> (artifact id: '7f5656ba0468820a57ff723204a71aa0') in 0.222009 seconds 
  Import took 0.226085 seconds .

========================================================================
Received Import Request.
  Time since last request: 0.000336 seconds.
  path: Assets/Humanoid_Avatar/Animations/F@Dead.fbx
  artifactKey: Guid(0ed5bc2ac756bc84fa7b3f114f30a52f) Importer(815301076,1909f56bfc062723c751e8b465ee728b)
Start importing Assets/Humanoid_Avatar/Animations/F@Dead.fbx using Guid(0ed5bc2ac756bc84fa7b3f114f30a52f) Importer(815301076,1909f56bfc062723c751e8b465ee728b)  -> (artifact id: '110680d0b72bcbb28b131cceebf004ef') in 0.063215 seconds 
  Import took 0.071382 seconds .

========================================================================
Received Import Request.
  Time since last request: 0.000295 seconds.
  path: Assets/Humanoid_Avatar/Animations/F@walk.fbx
  artifactKey: Guid(e68fec79569de2142ad92b22437df37a) Importer(815301076,1909f56bfc062723c751e8b465ee728b)
Start importing Assets/Humanoid_Avatar/Animations/F@walk.fbx using Guid(e68fec79569de2142ad92b22437df37a) Importer(815301076,1909f56bfc062723c751e8b465ee728b)  -> (artifact id: 'aadc1ad5b810a744182bcf5ffd195e0b') in 0.061253 seconds 
  Import took 0.065774 seconds .

========================================================================
Received Import Request.
  Time since last request: 0.000272 seconds.
  path: Assets/Humanoid_Avatar/Animations/F@Pose_to_Walk_F.fbx
  artifactKey: Guid(5df9de9c9b4d0094ab738475e9b37782) Importer(815301076,1909f56bfc062723c751e8b465ee728b)
Start importing Assets/Humanoid_Avatar/Animations/F@Pose_to_Walk_F.fbx using Guid(5df9de9c9b4d0094ab738475e9b37782) Importer(815301076,1909f56bfc062723c751e8b465ee728b)  -> (artifact id: 'a5bfb5034a1386eb5d95b3127a29aace') in 0.058289 seconds 
  Import took 0.063069 seconds .

========================================================================
Received Import Request.
  Time since last request: 0.000533 seconds.
  path: Assets/Humanoid_Avatar/Animations/F@Walk_F.fbx
  artifactKey: Guid(625e14ba0266f3244ac46e9e0811279d) Importer(815301076,1909f56bfc062723c751e8b465ee728b)
Start importing Assets/Humanoid_Avatar/Animations/F@Walk_F.fbx using Guid(625e14ba0266f3244ac46e9e0811279d) Importer(815301076,1909f56bfc062723c751e8b465ee728b)  -> (artifact id: '31390b8c1ec41f36e9e81f94d6ed9a65') in 0.057271 seconds 
  Import took 0.062890 seconds .

========================================================================
Received Import Request.
  Time since last request: 0.000363 seconds.
  path: Assets/Humanoid_Avatar/Animations/F@idle.fbx
  artifactKey: Guid(4d1acc3e6e983b64a9e4256cf69f37d3) Importer(815301076,1909f56bfc062723c751e8b465ee728b)
Start importing Assets/Humanoid_Avatar/Animations/F@idle.fbx using Guid(4d1acc3e6e983b64a9e4256cf69f37d3) Importer(815301076,1909f56bfc062723c751e8b465ee728b)  -> (artifact id: 'ef0c0d29ac71e2a730291131827bb508') in 0.067227 seconds 
  Import took 0.074769 seconds .

========================================================================
Received Import Request.
  Time since last request: 0.000408 seconds.
  path: Assets/Humanoid_Avatar/Animations/F@Run_R.fbx
  artifactKey: Guid(4a72557c92508424d940bc235561cb8e) Importer(815301076,1909f56bfc062723c751e8b465ee728b)
Start importing Assets/Humanoid_Avatar/Animations/F@Run_R.fbx using Guid(4a72557c92508424d940bc235561cb8e) Importer(815301076,1909f56bfc062723c751e8b465ee728b)  -> (artifact id: 'b676b9c8c890169cc1713e96bec3f559') in 0.065287 seconds 
  Import took 0.071562 seconds .

========================================================================
Received Import Request.
  Time since last request: 574.704269 seconds.
  path: Assets
  artifactKey: Guid(00000000000000001000000000000000) Importer(815301076,1909f56bfc062723c751e8b465ee728b)
Start importing Assets using Guid(00000000000000001000000000000000) Importer(815301076,1909f56bfc062723c751e8b465ee728b)  -> (artifact id: '42d402b061de3733987d63b9cc3b64de') in 0.016164 seconds 
  Import took 0.022116 seconds .

========================================================================
Received Import Request.
  Time since last request: 4.924024 seconds.
  path: Assets/Prefabs
  artifactKey: Guid(da962646d0005ee4e9a8752dbafe2885) Importer(815301076,1909f56bfc062723c751e8b465ee728b)
Start importing Assets/Prefabs using Guid(da962646d0005ee4e9a8752dbafe2885) Importer(815301076,1909f56bfc062723c751e8b465ee728b)  -> (artifact id: '5c8ae0195d2f109fc2654fab23ed105b') in 0.029540 seconds 
  Import took 0.038281 seconds .

========================================================================
Received Import Request.
  Time since last request: 4.622256 seconds.
  path: Assets/Prefabs/Room.prefab
  artifactKey: Guid(4a50f3929c1d6db43bb8d5db7e549d79) Importer(815301076,1909f56bfc062723c751e8b465ee728b)
Start importing Assets/Prefabs/Room.prefab using Guid(4a50f3929c1d6db43bb8d5db7e549d79) Importer(815301076,1909f56bfc062723c751e8b465ee728b)  -> (artifact id: '198ef11b20e3fc289f6d0fc6c1832c96') in 0.195851 seconds 
  Import took 0.206462 seconds .

========================================================================
Received Import Request.
  Time since last request: 10.749055 seconds.
  path: Assets/Humanoid_Avatar/Scene
  artifactKey: Guid(a70360697bd0ca44fb5e120bf385a843) Importer(815301076,1909f56bfc062723c751e8b465ee728b)
Start importing Assets/Humanoid_Avatar/Scene using Guid(a70360697bd0ca44fb5e120bf385a843) Importer(815301076,1909f56bfc062723c751e8b465ee728b)  -> (artifact id: 'f82f60a8c9bcb4692b0fa6f63a0318c6') in 0.014407 seconds 
  Import took 0.019048 seconds .

========================================================================
Received Import Request.
  Time since last request: 0.831110 seconds.
  path: Assets/Humanoid_Avatar/Scene/Demo.unity
  artifactKey: Guid(8bd76efa7f6b21d43adc8505560fffe2) Importer(815301076,1909f56bfc062723c751e8b465ee728b)
Start importing Assets/Humanoid_Avatar/Scene/Demo.unity using Guid(8bd76efa7f6b21d43adc8505560fffe2) Importer(815301076,1909f56bfc062723c751e8b465ee728b)  -> (artifact id: '016a7cb5c00a45985f92418b5acf5163') in 0.015340 seconds 
  Import took 0.019469 seconds .

========================================================================
Received Import Request.
  Time since last request: 62.101388 seconds.
  path: Assets/Humanoid_Avatar/Animations/DemoAnimation.controller
  artifactKey: Guid(59ca1b89f33812046a0c8066365574e2) Importer(815301076,1909f56bfc062723c751e8b465ee728b)
Start importing Assets/Humanoid_Avatar/Animations/DemoAnimation.controller using Guid(59ca1b89f33812046a0c8066365574e2) Importer(815301076,1909f56bfc062723c751e8b465ee728b)  -> (artifact id: 'c460210308f42fb28ec03e4a88cbb376') in 0.044477 seconds 
  Import took 0.095271 seconds .

========================================================================
Received Import Request.
  Time since last request: 51.893788 seconds.
  path: Assets/Humanoid_Avatar/Avatar/BaseHumanoidBotAvatar_Tpose.fbx
  artifactKey: Guid(0fb80be089349cb44a7d5c9c9171f5c3) Importer(815301076,1909f56bfc062723c751e8b465ee728b)
Start importing Assets/Humanoid_Avatar/Avatar/BaseHumanoidBotAvatar_Tpose.fbx using Guid(0fb80be089349cb44a7d5c9c9171f5c3) Importer(815301076,1909f56bfc062723c751e8b465ee728b)  -> (artifact id: 'f096c55ce1813f3e0445e6bd7a0334a0') in 0.068907 seconds 
  Import took 0.074293 seconds .

========================================================================
Received Import Request.
  Time since last request: 0.000299 seconds.
  path: Assets/Humanoid_Avatar/Avatar/Rabo 7 _03.png
  artifactKey: Guid(4a370633c7340654d9cecbaadfea9a0b) Importer(815301076,1909f56bfc062723c751e8b465ee728b)
Start importing Assets/Humanoid_Avatar/Avatar/Rabo 7 _03.png using Guid(4a370633c7340654d9cecbaadfea9a0b) Importer(815301076,1909f56bfc062723c751e8b465ee728b)  -> (artifact id: '23a9bafb186ebb51837e1679744c46c1') in 0.326482 seconds 
  Import took 0.333982 seconds .

========================================================================
Received Import Request.
  Time since last request: 0.000429 seconds.
  path: Assets/Humanoid_Avatar/Avatar/HumanoidBotAvatar_02.prefab
  artifactKey: Guid(e31b506459774f04eaa959ff0298bcb8) Importer(815301076,1909f56bfc062723c751e8b465ee728b)
Start importing Assets/Humanoid_Avatar/Avatar/HumanoidBotAvatar_02.prefab using Guid(e31b506459774f04eaa959ff0298bcb8) Importer(815301076,1909f56bfc062723c751e8b465ee728b)  -> (artifact id: 'cb5c9a7919eee61294cd76eff3d0b348') in 0.134285 seconds 
  Import took 0.142629 seconds .

========================================================================
Received Import Request.
  Time since last request: 0.000298 seconds.
  path: Assets/Humanoid_Avatar/Avatar/Rabo 7 _02.png
  artifactKey: Guid(59822124ffb1b7b4dab43b04c11d73a4) Importer(815301076,1909f56bfc062723c751e8b465ee728b)
Start importing Assets/Humanoid_Avatar/Avatar/Rabo 7 _02.png using Guid(59822124ffb1b7b4dab43b04c11d73a4) Importer(815301076,1909f56bfc062723c751e8b465ee728b)  -> (artifact id: '1fcce13b89eee041fcad4ba2ab261c1e') in 0.068902 seconds 
  Import took 0.074301 seconds .

========================================================================
Received Import Request.
  Time since last request: 0.000344 seconds.
  path: Assets/Humanoid_Avatar/Avatar/HumanoidBotAvatar_04.prefab
  artifactKey: Guid(bbd0dff34b657a64bbab327c41bb1d01) Importer(815301076,1909f56bfc062723c751e8b465ee728b)
Start importing Assets/Humanoid_Avatar/Avatar/HumanoidBotAvatar_04.prefab using Guid(bbd0dff34b657a64bbab327c41bb1d01) Importer(815301076,1909f56bfc062723c751e8b465ee728b)  -> (artifact id: '7a79ea0462bfb85fa028ce4637d25d46') in 0.055618 seconds 
  Import took 0.064007 seconds .

========================================================================
Received Import Request.
  Time since last request: 0.000293 seconds.
  path: Assets/Humanoid_Avatar/Avatar/HumanoidBotAvatar_03.prefab
  artifactKey: Guid(cb28edc837cc0b142bf0363416279671) Importer(815301076,1909f56bfc062723c751e8b465ee728b)
Start importing Assets/Humanoid_Avatar/Avatar/HumanoidBotAvatar_03.prefab using Guid(cb28edc837cc0b142bf0363416279671) Importer(815301076,1909f56bfc062723c751e8b465ee728b)  -> (artifact id: '45c18ca045b36759a624e2d6367a8dec') in 0.059959 seconds 
  Import took 0.066025 seconds .

========================================================================
Received Import Request.
  Time since last request: 0.000326 seconds.
  path: Assets/Humanoid_Avatar/Avatar/Rabo 8 _03.png
  artifactKey: Guid(d5d248b6a620f944e90ad63bc857cac0) Importer(815301076,1909f56bfc062723c751e8b465ee728b)
Start importing Assets/Humanoid_Avatar/Avatar/Rabo 8 _03.png using Guid(d5d248b6a620f944e90ad63bc857cac0) Importer(815301076,1909f56bfc062723c751e8b465ee728b)  -> (artifact id: '263b2b132a3e450359e2a7d872cc8954') in 0.046914 seconds 
  Import took 0.052134 seconds .

========================================================================
Received Import Request.
  Time since last request: 0.000486 seconds.
  path: Assets/Humanoid_Avatar/Avatar/Rabo 8 _04.png
  artifactKey: Guid(8cf84dbc9ac2bd345b001c43fb516f92) Importer(815301076,1909f56bfc062723c751e8b465ee728b)
Start importing Assets/Humanoid_Avatar/Avatar/Rabo 8 _04.png using Guid(8cf84dbc9ac2bd345b001c43fb516f92) Importer(815301076,1909f56bfc062723c751e8b465ee728b)  -> (artifact id: '3a8f13a5da741764b08e459d21edcfae') in 0.025315 seconds 
  Import took 0.031093 seconds .

========================================================================
Received Import Request.
  Time since last request: 0.000331 seconds.
  path: Assets/Humanoid_Avatar/Avatar/Rabo_007.png
  artifactKey: Guid(25699bd639fe6234198b2c5ea7d6d176) Importer(815301076,1909f56bfc062723c751e8b465ee728b)
Start importing Assets/Humanoid_Avatar/Avatar/Rabo_007.png using Guid(25699bd639fe6234198b2c5ea7d6d176) Importer(815301076,1909f56bfc062723c751e8b465ee728b)  -> (artifact id: '224b66a01313c7bda61d5db6fc5da8b3') in 0.025338 seconds 
  Import took 0.032160 seconds .

========================================================================
Received Import Request.
  Time since last request: 0.000324 seconds.
  path: Assets/Humanoid_Avatar/Avatar/Rabo_0007.png
  artifactKey: Guid(8694116c45252d74db43833796490917) Importer(815301076,1909f56bfc062723c751e8b465ee728b)
Start importing Assets/Humanoid_Avatar/Avatar/Rabo_0007.png using Guid(8694116c45252d74db43833796490917) Importer(815301076,1909f56bfc062723c751e8b465ee728b)  -> (artifact id: '724ab35eabd142ca528cd169de97c969') in 0.113855 seconds 
  Import took 0.123365 seconds .

========================================================================
Received Import Request.
  Time since last request: 0.000340 seconds.
  path: Assets/Humanoid_Avatar/Avatar/HumanoidBotAvatar_01.prefab
  artifactKey: Guid(a7faa2d06e22c674c97144a6da1edef9) Importer(815301076,1909f56bfc062723c751e8b465ee728b)
Start importing Assets/Humanoid_Avatar/Avatar/HumanoidBotAvatar_01.prefab using Guid(a7faa2d06e22c674c97144a6da1edef9) Importer(815301076,1909f56bfc062723c751e8b465ee728b)  -> (artifact id: '0e43822640221b64d2e7d6e2c373aee1') in 0.069968 seconds 
  Import took 0.078243 seconds .

========================================================================
Received Import Request.
  Time since last request: 0.001056 seconds.
  path: Assets/Humanoid_Avatar/Avatar/Rabo 7_.png
  artifactKey: Guid(20dde97f1c3bcb84884c7da886e67f60) Importer(815301076,1909f56bfc062723c751e8b465ee728b)
Start importing Assets/Humanoid_Avatar/Avatar/Rabo 7_.png using Guid(20dde97f1c3bcb84884c7da886e67f60) Importer(815301076,1909f56bfc062723c751e8b465ee728b)  -> (artifact id: '15b313b3d3bde79a1f31f36081f5ffc5') in 0.032211 seconds 
  Import took 0.039245 seconds .

========================================================================
Received Import Request.
  Time since last request: 0.000311 seconds.
  path: Assets/Humanoid_Avatar/Avatar/HumanoidBotAvatar_01.prefab
  artifactKey: Guid(a7faa2d06e22c674c97144a6da1edef9) Importer(815301076,1909f56bfc062723c751e8b465ee728b)
Start importing Assets/Humanoid_Avatar/Avatar/HumanoidBotAvatar_01.prefab using Guid(a7faa2d06e22c674c97144a6da1edef9) Importer(815301076,1909f56bfc062723c751e8b465ee728b)  -> (artifact id: '0e43822640221b64d2e7d6e2c373aee1') in 0.059277 seconds 
  Import took 0.068238 seconds .

========================================================================
Received Prepare
Registering precompiled user dll's ...
Registered in 0.011875 seconds.
Begin MonoManager ReloadAssembly
Native extension for WindowsStandalone target not found
Native extension for WebGL target not found
Refreshing native plugins compatible for Editor in 0.69 ms, found 2 plugins.
Preloading 0 native plugins for Editor in 0.00 ms.
Mono: successfully reloaded assembly
- Completed reload, in 12.354 seconds
Domain Reload Profiling:
	ReloadAssembly (12355ms)
		BeginReloadAssembly (234ms)
			ExecutionOrderSort (0ms)
			DisableScriptedObjects (11ms)
			BackupInstance (0ms)
			ReleaseScriptingObjects (0ms)
			CreateAndSetChildDomain (71ms)
		EndReloadAssembly (11964ms)
			LoadAssemblies (6863ms)
			RebuildTransferFunctionScriptingTraits (0ms)
			SetupTypeCache (1018ms)
			ReleaseScriptCaches (1ms)
			RebuildScriptCaches (112ms)
			SetupLoadedEditorAssemblies (3767ms)
				LogAssemblyErrors (0ms)
				InitializePlatformSupportModulesInManaged (12ms)
				SetLoadedEditorAssemblies (1ms)
				RefreshPlugins (1ms)
				BeforeProcessingInitializeOnLoad (236ms)
				ProcessInitializeOnLoadAttributes (3488ms)
				ProcessInitializeOnLoadMethodAttributes (10ms)
				AfterProcessingInitializeOnLoad (20ms)
				EditorAssembliesLoaded (0ms)
			ExecutionOrderSort2 (0ms)
			AwakeInstancesAfterBackupRestoration (14ms)
Platform modules already initialized, skipping
Refreshing native plugins compatible for Editor in 0.71 ms, found 2 plugins.
Preloading 0 native plugins for Editor in 0.00 ms.
Unloading 1628 Unused Serialized files (Serialized files now loaded: 0)
System memory in use before: 94.4 MB.
System memory in use after: 94.6 MB.

Unloading 15 unused Assets to reduce memory usage. Loaded Objects now: 2146.
Total: 5.170500 ms (FindLiveObjects: 0.411700 ms CreateObjectMapping: 0.100300 ms MarkObjects: 4.605600 ms  DeleteObjects: 0.049500 ms)

AssetImportParameters requested are different than current active one (requested -> active):
  custom:framework-win-MediaFoundation: 216162199b28c13a410421893ffa2e32 -> 
  custom:video-decoder-ogg-theora: a1e56fd34408186e4bbccfd4996cb3dc -> 
  custom:container-muxer-webm: aa71ff27fc2769a1b78a27578f13a17b -> 
  custom:container-demuxer-webm: 4f35f7cbe854078d1ac9338744f61a02 -> 
  custom:container-demuxer-ogg: 62fdf1f143b41e24485cea50d1cbac27 -> 
  custom:video-encoder-webm-vp8: eb34c28f22e8b96e1ab97ce403110664 -> 
  custom:video-decoder-webm-vp8: 9c59270c3fd7afecdb556c50c9e8de78 -> 
  custom:audio-decoder-ogg-vorbis: bf7c407c2cedff20999df2af8eb42d56 -> 
  custom:audio-encoder-webm-vorbis: bf7c407c2cedff20999df2af8eb42d56 -> 
AssetImportWorkerClient::OnTransportError - code=2 error=End of file
